app/build/intermediates/manifest_merge_blame_file/debug/processDebugMainManifest/manifest-merger-blame-debug-report.txt
1<?xml version="1.0" encoding="utf-8"?>
2<manifest xmlns:android="http://schemas.android.com/apk/res/android"
3    package="com.moto.tracker.debug"
4    android:versionCode="1"
5    android:versionName="1.0.0" >
6
7    <uses-sdk
8        android:minSdkVersion="26"
9        android:targetSdkVersion="35" />
10
11    <!--
12        PRIVACY: No INTERNET permission — this app is fully offline.
13        No data leaves the device. No telemetry, no analytics, no ads.
14    -->
15
16
17    <!-- Camera for document photo capture -->
18    <uses-permission android:name="android.permission.CAMERA" />
18-->src/main/AndroidManifest.xml:11:5-65
18-->src/main/AndroidManifest.xml:11:22-62
19
20    <!-- Notifications (Android 13+) -->
21    <uses-permission android:name="android.permission.POST_NOTIFICATIONS" />
21-->src/main/AndroidManifest.xml:14:5-77
21-->src/main/AndroidManifest.xml:14:22-74
22
23    <!-- Schedule exact alarms for appointment reminders (Android 12+) -->
24    <uses-permission android:name="android.permission.SCHEDULE_EXACT_ALARM" />
24-->src/main/AndroidManifest.xml:17:5-79
24-->src/main/AndroidManifest.xml:17:22-76
25    <uses-permission android:name="android.permission.USE_EXACT_ALARM" />
25-->src/main/AndroidManifest.xml:18:5-74
25-->src/main/AndroidManifest.xml:18:22-71
26
27    <!-- WorkManager background processing -->
28    <uses-permission android:name="android.permission.RECEIVE_BOOT_COMPLETED" />
28-->src/main/AndroidManifest.xml:21:5-81
28-->src/main/AndroidManifest.xml:21:22-78
29    <uses-permission android:name="android.permission.FOREGROUND_SERVICE" />
29-->src/main/AndroidManifest.xml:22:5-77
29-->src/main/AndroidManifest.xml:22:22-74
30    <uses-permission android:name="android.permission.FOREGROUND_SERVICE_DATA_SYNC" />
30-->src/main/AndroidManifest.xml:23:5-87
30-->src/main/AndroidManifest.xml:23:22-84
31
32    <!-- Read media for gallery image picking (Android 13+) -->
33    <uses-permission android:name="android.permission.READ_MEDIA_IMAGES" />
33-->src/main/AndroidManifest.xml:26:5-76
33-->src/main/AndroidManifest.xml:26:22-73
34    <!-- Fallback for Android 12 and below -->
35    <uses-permission
35-->src/main/AndroidManifest.xml:28:5-30:38
36        android:name="android.permission.READ_EXTERNAL_STORAGE"
36-->src/main/AndroidManifest.xml:29:9-64
37        android:maxSdkVersion="32" />
37-->src/main/AndroidManifest.xml:30:9-35
38
39    <!-- Write to Downloads for export (Android 9 and below) -->
40    <uses-permission
40-->src/main/AndroidManifest.xml:33:5-35:38
41        android:name="android.permission.WRITE_EXTERNAL_STORAGE"
41-->src/main/AndroidManifest.xml:34:9-65
42        android:maxSdkVersion="28" />
42-->src/main/AndroidManifest.xml:35:9-35
43
44    <!-- Vibration for notifications -->
45    <uses-permission android:name="android.permission.VIBRATE" />
45-->src/main/AndroidManifest.xml:38:5-66
45-->src/main/AndroidManifest.xml:38:22-63
46
47    <uses-feature
47-->src/main/AndroidManifest.xml:40:5-42:36
48        android:name="android.hardware.camera"
48-->src/main/AndroidManifest.xml:41:9-47
49        android:required="false" />
49-->src/main/AndroidManifest.xml:42:9-33
50
51    <uses-permission android:name="android.permission.WAKE_LOCK" />
51-->[androidx.work:work-runtime:2.10.0] AndroidManifest.xml:23:5-68
51-->[androidx.work:work-runtime:2.10.0] AndroidManifest.xml:23:22-65
52    <uses-permission android:name="android.permission.ACCESS_NETWORK_STATE" />
52-->[androidx.work:work-runtime:2.10.0] AndroidManifest.xml:24:5-79
52-->[androidx.work:work-runtime:2.10.0] AndroidManifest.xml:24:22-76
53
54    <permission
54-->[androidx.core:core:1.15.0] AndroidManifest.xml:22:5-24:47
55        android:name="com.moto.tracker.debug.DYNAMIC_RECEIVER_NOT_EXPORTED_PERMISSION"
55-->[androidx.core:core:1.15.0] AndroidManifest.xml:23:9-81
56        android:protectionLevel="signature" />
56-->[androidx.core:core:1.15.0] AndroidManifest.xml:24:9-44
57
58    <uses-permission android:name="com.moto.tracker.debug.DYNAMIC_RECEIVER_NOT_EXPORTED_PERMISSION" />
58-->[androidx.core:core:1.15.0] AndroidManifest.xml:26:5-97
58-->[androidx.core:core:1.15.0] AndroidManifest.xml:26:22-94
59
60    <application
60-->src/main/AndroidManifest.xml:44:5-99:19
61        android:name="com.moto.tracker.MaintenanceTrackerApp"
61-->src/main/AndroidManifest.xml:45:9-46
62        android:allowBackup="false"
62-->src/main/AndroidManifest.xml:46:9-36
63        android:appComponentFactory="androidx.core.app.CoreComponentFactory"
63-->[androidx.core:core:1.15.0] AndroidManifest.xml:28:18-86
64        android:dataExtractionRules="@xml/data_extraction_rules"
64-->src/main/AndroidManifest.xml:47:9-65
65        android:debuggable="true"
66        android:extractNativeLibs="false"
67        android:fullBackupContent="@xml/backup_rules"
67-->src/main/AndroidManifest.xml:48:9-54
68        android:icon="@mipmap/ic_launcher"
68-->src/main/AndroidManifest.xml:49:9-43
69        android:label="@string/app_name"
69-->src/main/AndroidManifest.xml:50:9-41
70        android:largeHeap="true"
70-->src/main/AndroidManifest.xml:54:9-33
71        android:roundIcon="@mipmap/ic_launcher_round"
71-->src/main/AndroidManifest.xml:51:9-54
72        android:supportsRtl="true"
72-->src/main/AndroidManifest.xml:52:9-35
73        android:theme="@style/Theme.MaintenanceTracker" >
73-->src/main/AndroidManifest.xml:53:9-56
74        <activity
74-->src/main/AndroidManifest.xml:56:9-65:20
75            android:name="com.moto.tracker.MainActivity"
75-->src/main/AndroidManifest.xml:57:13-41
76            android:exported="true"
76-->src/main/AndroidManifest.xml:58:13-36
77            android:theme="@style/Theme.MaintenanceTracker"
77-->src/main/AndroidManifest.xml:59:13-60
78            android:windowSoftInputMode="adjustResize" >
78-->src/main/AndroidManifest.xml:60:13-55
79            <intent-filter>
79-->src/main/AndroidManifest.xml:61:13-64:29
80                <action android:name="android.intent.action.MAIN" />
80-->src/main/AndroidManifest.xml:62:17-69
80-->src/main/AndroidManifest.xml:62:25-66
81
82                <category android:name="android.intent.category.LAUNCHER" />
82-->src/main/AndroidManifest.xml:63:17-77
82-->src/main/AndroidManifest.xml:63:27-74
83            </intent-filter>
84        </activity>
85
86        <!-- FileProvider for camera capture -->
87        <provider
88            android:name="androidx.core.content.FileProvider"
88-->src/main/AndroidManifest.xml:69:13-62
89            android:authorities="com.moto.tracker.debug.fileprovider"
89-->src/main/AndroidManifest.xml:70:13-64
90            android:exported="false"
90-->src/main/AndroidManifest.xml:71:13-37
91            android:grantUriPermissions="true" >
91-->src/main/AndroidManifest.xml:72:13-47
92            <meta-data
92-->src/main/AndroidManifest.xml:73:13-75:63
93                android:name="android.support.FILE_PROVIDER_PATHS"
93-->src/main/AndroidManifest.xml:74:17-67
94                android:resource="@xml/file_provider_paths" />
94-->src/main/AndroidManifest.xml:75:17-60
95        </provider>
96
97        <!-- WorkManager initialization -->
98        <provider
99            android:name="androidx.startup.InitializationProvider"
99-->src/main/AndroidManifest.xml:80:13-67
100            android:authorities="com.moto.tracker.debug.androidx-startup"
100-->src/main/AndroidManifest.xml:81:13-68
101            android:exported="false" >
101-->src/main/AndroidManifest.xml:82:13-37
102            <meta-data
102-->[androidx.emoji2:emoji2:1.3.0] AndroidManifest.xml:29:13-31:52
103                android:name="androidx.emoji2.text.EmojiCompatInitializer"
103-->[androidx.emoji2:emoji2:1.3.0] AndroidManifest.xml:30:17-75
104                android:value="androidx.startup" />
104-->[androidx.emoji2:emoji2:1.3.0] AndroidManifest.xml:31:17-49
105            <meta-data
105-->[androidx.lifecycle:lifecycle-process:2.8.7] AndroidManifest.xml:29:13-31:52
106                android:name="androidx.lifecycle.ProcessLifecycleInitializer"
106-->[androidx.lifecycle:lifecycle-process:2.8.7] AndroidManifest.xml:30:17-78
107                android:value="androidx.startup" />
107-->[androidx.lifecycle:lifecycle-process:2.8.7] AndroidManifest.xml:31:17-49
108            <meta-data
108-->[androidx.profileinstaller:profileinstaller:1.4.1] AndroidManifest.xml:29:13-31:52
109                android:name="androidx.profileinstaller.ProfileInstallerInitializer"
109-->[androidx.profileinstaller:profileinstaller:1.4.1] AndroidManifest.xml:30:17-85
110                android:value="androidx.startup" />
110-->[androidx.profileinstaller:profileinstaller:1.4.1] AndroidManifest.xml:31:17-49
111        </provider>
112
113        <!-- Restart WorkManager on device boot -->
114        <receiver
114-->src/main/AndroidManifest.xml:91:9-97:20
115            android:name="com.moto.tracker.data.worker.BootReceiver"
115-->src/main/AndroidManifest.xml:92:13-53
116            android:exported="false" >
116-->src/main/AndroidManifest.xml:93:13-37
117            <intent-filter>
117-->src/main/AndroidManifest.xml:94:13-96:29
118                <action android:name="android.intent.action.BOOT_COMPLETED" />
118-->src/main/AndroidManifest.xml:95:17-79
118-->src/main/AndroidManifest.xml:95:25-76
119            </intent-filter>
120        </receiver>
121
122        <service
122-->[androidx.work:work-runtime:2.10.0] AndroidManifest.xml:39:9-45:35
123            android:name="androidx.work.impl.background.systemalarm.SystemAlarmService"
123-->[androidx.work:work-runtime:2.10.0] AndroidManifest.xml:40:13-88
124            android:directBootAware="false"
124-->[androidx.work:work-runtime:2.10.0] AndroidManifest.xml:41:13-44
125            android:enabled="@bool/enable_system_alarm_service_default"
125-->[androidx.work:work-runtime:2.10.0] AndroidManifest.xml:42:13-72
126            android:exported="false" />
126-->[androidx.work:work-runtime:2.10.0] AndroidManifest.xml:43:13-37
127        <service
127-->[androidx.work:work-runtime:2.10.0] AndroidManifest.xml:46:9-52:35
128            android:name="androidx.work.impl.background.systemjob.SystemJobService"
128-->[androidx.work:work-runtime:2.10.0] AndroidManifest.xml:47:13-84
129            android:directBootAware="false"
129-->[androidx.work:work-runtime:2.10.0] AndroidManifest.xml:48:13-44
130            android:enabled="@bool/enable_system_job_service_default"
130-->[androidx.work:work-runtime:2.10.0] AndroidManifest.xml:49:13-70
131            android:exported="true"
131-->[androidx.work:work-runtime:2.10.0] AndroidManifest.xml:50:13-36
132            android:permission="android.permission.BIND_JOB_SERVICE" />
132-->[androidx.work:work-runtime:2.10.0] AndroidManifest.xml:51:13-69
133        <service
133-->[androidx.work:work-runtime:2.10.0] AndroidManifest.xml:53:9-59:35
134            android:name="androidx.work.impl.foreground.SystemForegroundService"
134-->[androidx.work:work-runtime:2.10.0] AndroidManifest.xml:54:13-81
135            android:directBootAware="false"
135-->[androidx.work:work-runtime:2.10.0] AndroidManifest.xml:55:13-44
136            android:enabled="@bool/enable_system_foreground_service_default"
136-->[androidx.work:work-runtime:2.10.0] AndroidManifest.xml:56:13-77
137            android:exported="false" />
137-->[androidx.work:work-runtime:2.10.0] AndroidManifest.xml:57:13-37
138
139        <receiver
139-->[androidx.work:work-runtime:2.10.0] AndroidManifest.xml:61:9-66:35
140            android:name="androidx.work.impl.utils.ForceStopRunnable$BroadcastReceiver"
140-->[androidx.work:work-runtime:2.10.0] AndroidManifest.xml:62:13-88
141            android:directBootAware="false"
141-->[androidx.work:work-runtime:2.10.0] AndroidManifest.xml:63:13-44
142            android:enabled="true"
142-->[androidx.work:work-runtime:2.10.0] AndroidManifest.xml:64:13-35
143            android:exported="false" />
143-->[androidx.work:work-runtime:2.10.0] AndroidManifest.xml:65:13-37
144        <receiver
144-->[androidx.work:work-runtime:2.10.0] AndroidManifest.xml:67:9-77:20
145            android:name="androidx.work.impl.background.systemalarm.ConstraintProxy$BatteryChargingProxy"
145-->[androidx.work:work-runtime:2.10.0] AndroidManifest.xml:68:13-106
146            android:directBootAware="false"
146-->[androidx.work:work-runtime:2.10.0] AndroidManifest.xml:69:13-44
147            android:enabled="false"
147-->[androidx.work:work-runtime:2.10.0] AndroidManifest.xml:70:13-36
148            android:exported="false" >
148-->[androidx.work:work-runtime:2.10.0] AndroidManifest.xml:71:13-37
149            <intent-filter>
149-->[androidx.work:work-runtime:2.10.0] AndroidManifest.xml:73:13-76:29
150                <action android:name="android.intent.action.ACTION_POWER_CONNECTED" />
150-->[androidx.work:work-runtime:2.10.0] AndroidManifest.xml:74:17-87
150-->[androidx.work:work-runtime:2.10.0] AndroidManifest.xml:74:25-84
151                <action android:name="android.intent.action.ACTION_POWER_DISCONNECTED" />
151-->[androidx.work:work-runtime:2.10.0] AndroidManifest.xml:75:17-90
151-->[androidx.work:work-runtime:2.10.0] AndroidManifest.xml:75:25-87
152            </intent-filter>
153        </receiver>
154        <receiver
154-->[androidx.work:work-runtime:2.10.0] AndroidManifest.xml:78:9-88:20
155            android:name="androidx.work.impl.background.systemalarm.ConstraintProxy$BatteryNotLowProxy"
155-->[androidx.work:work-runtime:2.10.0] AndroidManifest.xml:79:13-104
156            android:directBootAware="false"
156-->[androidx.work:work-runtime:2.10.0] AndroidManifest.xml:80:13-44
157            android:enabled="false"
157-->[androidx.work:work-runtime:2.10.0] AndroidManifest.xml:81:13-36
158            android:exported="false" >
158-->[androidx.work:work-runtime:2.10.0] AndroidManifest.xml:82:13-37
159            <intent-filter>
159-->[androidx.work:work-runtime:2.10.0] AndroidManifest.xml:84:13-87:29
160                <action android:name="android.intent.action.BATTERY_OKAY" />
160-->[androidx.work:work-runtime:2.10.0] AndroidManifest.xml:85:17-77
160-->[androidx.work:work-runtime:2.10.0] AndroidManifest.xml:85:25-74
161                <action android:name="android.intent.action.BATTERY_LOW" />
161-->[androidx.work:work-runtime:2.10.0] AndroidManifest.xml:86:17-76
161-->[androidx.work:work-runtime:2.10.0] AndroidManifest.xml:86:25-73
162            </intent-filter>
163        </receiver>
164        <receiver
164-->[androidx.work:work-runtime:2.10.0] AndroidManifest.xml:89:9-99:20
165            android:name="androidx.work.impl.background.systemalarm.ConstraintProxy$StorageNotLowProxy"
165-->[androidx.work:work-runtime:2.10.0] AndroidManifest.xml:90:13-104
166            android:directBootAware="false"
166-->[androidx.work:work-runtime:2.10.0] AndroidManifest.xml:91:13-44
167            android:enabled="false"
167-->[androidx.work:work-runtime:2.10.0] AndroidManifest.xml:92:13-36
168            android:exported="false" >
168-->[androidx.work:work-runtime:2.10.0] AndroidManifest.xml:93:13-37
169            <intent-filter>
169-->[androidx.work:work-runtime:2.10.0] AndroidManifest.xml:95:13-98:29
170                <action android:name="android.intent.action.DEVICE_STORAGE_LOW" />
170-->[androidx.work:work-runtime:2.10.0] AndroidManifest.xml:96:17-83
170-->[androidx.work:work-runtime:2.10.0] AndroidManifest.xml:96:25-80
171                <action android:name="android.intent.action.DEVICE_STORAGE_OK" />
171-->[androidx.work:work-runtime:2.10.0] AndroidManifest.xml:97:17-82
171-->[androidx.work:work-runtime:2.10.0] AndroidManifest.xml:97:25-79
172            </intent-filter>
173        </receiver>
174        <receiver
174-->[androidx.work:work-runtime:2.10.0] AndroidManifest.xml:100:9-109:20
175            android:name="androidx.work.impl.background.systemalarm.ConstraintProxy$NetworkStateProxy"
175-->[androidx.work:work-runtime:2.10.0] AndroidManifest.xml:101:13-103
176            android:directBootAware="false"
176-->[androidx.work:work-runtime:2.10.0] AndroidManifest.xml:102:13-44
177            android:enabled="false"
177-->[androidx.work:work-runtime:2.10.0] AndroidManifest.xml:103:13-36
178            android:exported="false" >
178-->[androidx.work:work-runtime:2.10.0] AndroidManifest.xml:104:13-37
179            <intent-filter>
179-->[androidx.work:work-runtime:2.10.0] AndroidManifest.xml:106:13-108:29
180                <action android:name="android.net.conn.CONNECTIVITY_CHANGE" />
180-->[androidx.work:work-runtime:2.10.0] AndroidManifest.xml:107:17-79
180-->[androidx.work:work-runtime:2.10.0] AndroidManifest.xml:107:25-76
181            </intent-filter>
182        </receiver>
183        <receiver
183-->[androidx.work:work-runtime:2.10.0] AndroidManifest.xml:110:9-121:20
184            android:name="androidx.work.impl.background.systemalarm.RescheduleReceiver"
184-->[androidx.work:work-runtime:2.10.0] AndroidManifest.xml:111:13-88
185            android:directBootAware="false"
185-->[androidx.work:work-runtime:2.10.0] AndroidManifest.xml:112:13-44
186            android:enabled="false"
186-->[androidx.work:work-runtime:2.10.0] AndroidManifest.xml:113:13-36
187            android:exported="false" >
187-->[androidx.work:work-runtime:2.10.0] AndroidManifest.xml:114:13-37
188            <intent-filter>
188-->[androidx.work:work-runtime:2.10.0] AndroidManifest.xml:116:13-120:29
189                <action android:name="android.intent.action.BOOT_COMPLETED" />
189-->src/main/AndroidManifest.xml:95:17-79
189-->src/main/AndroidManifest.xml:95:25-76
190                <action android:name="android.intent.action.TIME_SET" />
190-->[androidx.work:work-runtime:2.10.0] AndroidManifest.xml:118:17-73
190-->[androidx.work:work-runtime:2.10.0] AndroidManifest.xml:118:25-70
191                <action android:name="android.intent.action.TIMEZONE_CHANGED" />
191-->[androidx.work:work-runtime:2.10.0] AndroidManifest.xml:119:17-81
191-->[androidx.work:work-runtime:2.10.0] AndroidManifest.xml:119:25-78
192            </intent-filter>
193        </receiver>
194        <receiver
194-->[androidx.work:work-runtime:2.10.0] AndroidManifest.xml:122:9-131:20
195            android:name="androidx.work.impl.background.systemalarm.ConstraintProxyUpdateReceiver"
195-->[androidx.work:work-runtime:2.10.0] AndroidManifest.xml:123:13-99
196            android:directBootAware="false"
196-->[androidx.work:work-runtime:2.10.0] AndroidManifest.xml:124:13-44
197            android:enabled="@bool/enable_system_alarm_service_default"
197-->[androidx.work:work-runtime:2.10.0] AndroidManifest.xml:125:13-72
198            android:exported="false" >
198-->[androidx.work:work-runtime:2.10.0] AndroidManifest.xml:126:13-37
199            <intent-filter>
199-->[androidx.work:work-runtime:2.10.0] AndroidManifest.xml:128:13-130:29
200                <action android:name="androidx.work.impl.background.systemalarm.UpdateProxies" />
200-->[androidx.work:work-runtime:2.10.0] AndroidManifest.xml:129:17-98
200-->[androidx.work:work-runtime:2.10.0] AndroidManifest.xml:129:25-95
201            </intent-filter>
202        </receiver>
203        <receiver
203-->[androidx.work:work-runtime:2.10.0] AndroidManifest.xml:132:9-142:20
204            android:name="androidx.work.impl.diagnostics.DiagnosticsReceiver"
204-->[androidx.work:work-runtime:2.10.0] AndroidManifest.xml:133:13-78
205            android:directBootAware="false"
205-->[androidx.work:work-runtime:2.10.0] AndroidManifest.xml:134:13-44
206            android:enabled="true"
206-->[androidx.work:work-runtime:2.10.0] AndroidManifest.xml:135:13-35
207            android:exported="true"
207-->[androidx.work:work-runtime:2.10.0] AndroidManifest.xml:136:13-36
208            android:permission="android.permission.DUMP" >
208-->[androidx.work:work-runtime:2.10.0] AndroidManifest.xml:137:13-57
209            <intent-filter>
209-->[androidx.work:work-runtime:2.10.0] AndroidManifest.xml:139:13-141:29
210                <action android:name="androidx.work.diagnostics.REQUEST_DIAGNOSTICS" />
210-->[androidx.work:work-runtime:2.10.0] AndroidManifest.xml:140:17-88
210-->[androidx.work:work-runtime:2.10.0] AndroidManifest.xml:140:25-85
211            </intent-filter>
212        </receiver>
213
214        <activity
214-->[androidx.compose.ui:ui-test-manifest:1.7.6] AndroidManifest.xml:23:9-25:39
215            android:name="androidx.activity.ComponentActivity"
215-->[androidx.compose.ui:ui-test-manifest:1.7.6] AndroidManifest.xml:24:13-63
216            android:exported="true" />
216-->[androidx.compose.ui:ui-test-manifest:1.7.6] AndroidManifest.xml:25:13-36
217        <activity
217-->[androidx.compose.ui:ui-tooling-android:1.7.6] AndroidManifest.xml:23:9-25:39
218            android:name="androidx.compose.ui.tooling.PreviewActivity"
218-->[androidx.compose.ui:ui-tooling-android:1.7.6] AndroidManifest.xml:24:13-71
219            android:exported="true" />
219-->[androidx.compose.ui:ui-tooling-android:1.7.6] AndroidManifest.xml:25:13-36
220
221        <service
221-->[androidx.room:room-runtime:2.6.1] AndroidManifest.xml:24:9-28:63
222            android:name="androidx.room.MultiInstanceInvalidationService"
222-->[androidx.room:room-runtime:2.6.1] AndroidManifest.xml:25:13-74
223            android:directBootAware="true"
223-->[androidx.room:room-runtime:2.6.1] AndroidManifest.xml:26:13-43
224            android:exported="false" />
224-->[androidx.room:room-runtime:2.6.1] AndroidManifest.xml:27:13-37
225
226        <receiver
226-->[androidx.profileinstaller:profileinstaller:1.4.1] AndroidManifest.xml:34:9-52:20
227            android:name="androidx.profileinstaller.ProfileInstallReceiver"
227-->[androidx.profileinstaller:profileinstaller:1.4.1] AndroidManifest.xml:35:13-76
228            android:directBootAware="false"
228-->[androidx.profileinstaller:profileinstaller:1.4.1] AndroidManifest.xml:36:13-44
229            android:enabled="true"
229-->[androidx.profileinstaller:profileinstaller:1.4.1] AndroidManifest.xml:37:13-35
230            android:exported="true"
230-->[androidx.profileinstaller:profileinstaller:1.4.1] AndroidManifest.xml:38:13-36
231            android:permission="android.permission.DUMP" >
231-->[androidx.profileinstaller:profileinstaller:1.4.1] AndroidManifest.xml:39:13-57
232            <intent-filter>
232-->[androidx.profileinstaller:profileinstaller:1.4.1] AndroidManifest.xml:40:13-42:29
233                <action android:name="androidx.profileinstaller.action.INSTALL_PROFILE" />
233-->[androidx.profileinstaller:profileinstaller:1.4.1] AndroidManifest.xml:41:17-91
233-->[androidx.profileinstaller:profileinstaller:1.4.1] AndroidManifest.xml:41:25-88
234            </intent-filter>
235            <intent-filter>
235-->[androidx.profileinstaller:profileinstaller:1.4.1] AndroidManifest.xml:43:13-45:29
236                <action android:name="androidx.profileinstaller.action.SKIP_FILE" />
236-->[androidx.profileinstaller:profileinstaller:1.4.1] AndroidManifest.xml:44:17-85
236-->[androidx.profileinstaller:profileinstaller:1.4.1] AndroidManifest.xml:44:25-82
237            </intent-filter>
238            <intent-filter>
238-->[androidx.profileinstaller:profileinstaller:1.4.1] AndroidManifest.xml:46:13-48:29
239                <action android:name="androidx.profileinstaller.action.SAVE_PROFILE" />
239-->[androidx.profileinstaller:profileinstaller:1.4.1] AndroidManifest.xml:47:17-88
239-->[androidx.profileinstaller:profileinstaller:1.4.1] AndroidManifest.xml:47:25-85
240            </intent-filter>
241            <intent-filter>
241-->[androidx.profileinstaller:profileinstaller:1.4.1] AndroidManifest.xml:49:13-51:29
242                <action android:name="androidx.profileinstaller.action.BENCHMARK_OPERATION" />
242-->[androidx.profileinstaller:profileinstaller:1.4.1] AndroidManifest.xml:50:17-95
242-->[androidx.profileinstaller:profileinstaller:1.4.1] AndroidManifest.xml:50:25-92
243            </intent-filter>
244        </receiver>
245    </application>
246
247</manifest>